[2022-04-12 21:02:04,001] DEBUG preRegister called. Server=com.sun.jmx.mbeanserver.JmxMBeanServer@3930015a, name=log4j:logger=kafka.controller (kafka.controller)
[2022-04-12 21:02:18,794] INFO [ControllerEventThread controllerId=0] Starting (kafka.controller.ControllerEventManager$ControllerEventThread)
[2022-04-12 21:02:18,866] INFO [Controller id=0] 0 successfully elected as the controller. Epoch incremented to 1 and epoch zk version is now 1 (kafka.controller.KafkaController)
[2022-04-12 21:02:18,869] INFO [Controller id=0] Creating FeatureZNode at path: /feature with contents: FeatureZNode(Enabled,Features{}) (kafka.controller.KafkaController)
[2022-04-12 21:02:18,931] INFO [Controller id=0] Registering handlers (kafka.controller.KafkaController)
[2022-04-12 21:02:18,935] INFO [Controller id=0] Deleting log dir event notifications (kafka.controller.KafkaController)
[2022-04-12 21:02:18,938] INFO [Controller id=0] Deleting isr change notifications (kafka.controller.KafkaController)
[2022-04-12 21:02:18,940] INFO [Controller id=0] Initializing controller context (kafka.controller.KafkaController)
[2022-04-12 21:02:18,954] INFO [Controller id=0] Initialized broker epochs cache: HashMap(0 -> 25) (kafka.controller.KafkaController)
[2022-04-12 21:02:18,959] DEBUG [Controller id=0] Register BrokerModifications handler for Set(0) (kafka.controller.KafkaController)
[2022-04-12 21:02:18,963] DEBUG [Channel manager on controller 0]: Controller 0 trying to connect to broker 0 (kafka.controller.ControllerChannelManager)
[2022-04-12 21:02:18,971] INFO [RequestSendThread controllerId=0] Starting (kafka.controller.RequestSendThread)
[2022-04-12 21:02:18,972] INFO [Controller id=0] Currently active brokers in the cluster: Set(0) (kafka.controller.KafkaController)
[2022-04-12 21:02:18,972] INFO [Controller id=0] Currently shutting brokers in the cluster: HashSet() (kafka.controller.KafkaController)
[2022-04-12 21:02:18,973] INFO [Controller id=0] Current list of topics in the cluster: HashSet() (kafka.controller.KafkaController)
[2022-04-12 21:02:18,973] INFO [Controller id=0] Fetching topic deletions in progress (kafka.controller.KafkaController)
[2022-04-12 21:02:18,975] INFO [Controller id=0] List of topics to be deleted:  (kafka.controller.KafkaController)
[2022-04-12 21:02:18,976] INFO [Controller id=0] List of topics ineligible for deletion:  (kafka.controller.KafkaController)
[2022-04-12 21:02:18,976] INFO [Controller id=0] Initializing topic deletion manager (kafka.controller.KafkaController)
[2022-04-12 21:02:18,977] INFO [Topic Deletion Manager 0] Initializing manager with initial deletions: Set(), initial ineligible deletions: HashSet() (kafka.controller.TopicDeletionManager)
[2022-04-12 21:02:18,977] INFO [Controller id=0] Sending update metadata request (kafka.controller.KafkaController)
[2022-04-12 21:02:18,988] INFO [ReplicaStateMachine controllerId=0] Initializing replica state (kafka.controller.ZkReplicaStateMachine)
[2022-04-12 21:02:18,988] INFO [ReplicaStateMachine controllerId=0] Triggering online replica state changes (kafka.controller.ZkReplicaStateMachine)
[2022-04-12 21:02:18,992] INFO [ReplicaStateMachine controllerId=0] Triggering offline replica state changes (kafka.controller.ZkReplicaStateMachine)
[2022-04-12 21:02:18,993] DEBUG [ReplicaStateMachine controllerId=0] Started replica state machine with initial state -> HashMap() (kafka.controller.ZkReplicaStateMachine)
[2022-04-12 21:02:18,993] INFO [PartitionStateMachine controllerId=0] Initializing partition state (kafka.controller.ZkPartitionStateMachine)
[2022-04-12 21:02:18,994] INFO [RequestSendThread controllerId=0] Controller 0 connected to TU-NLT:9092 (id: 0 rack: null) for sending state change requests (kafka.controller.RequestSendThread)
[2022-04-12 21:02:18,994] INFO [PartitionStateMachine controllerId=0] Triggering online partition state changes (kafka.controller.ZkPartitionStateMachine)
[2022-04-12 21:02:18,997] DEBUG [PartitionStateMachine controllerId=0] Started partition state machine with initial state -> HashMap() (kafka.controller.ZkPartitionStateMachine)
[2022-04-12 21:02:18,997] INFO [Controller id=0] Ready to serve as the new controller with epoch 1 (kafka.controller.KafkaController)
[2022-04-12 21:02:19,003] INFO [Controller id=0] Partitions undergoing preferred replica election:  (kafka.controller.KafkaController)
[2022-04-12 21:02:19,003] INFO [Controller id=0] Partitions that completed preferred replica election:  (kafka.controller.KafkaController)
[2022-04-12 21:02:19,003] INFO [Controller id=0] Skipping preferred replica election for partitions due to topic deletion:  (kafka.controller.KafkaController)
[2022-04-12 21:02:19,004] INFO [Controller id=0] Resuming preferred replica election for partitions:  (kafka.controller.KafkaController)
[2022-04-12 21:02:19,005] INFO [Controller id=0] Starting replica leader election (PREFERRED) for partitions  triggered by ZkTriggered (kafka.controller.KafkaController)
[2022-04-12 21:02:19,041] INFO [Controller id=0] Starting the controller scheduler (kafka.controller.KafkaController)
[2022-04-12 21:02:24,043] INFO [Controller id=0] Processing automatic preferred replica leader election (kafka.controller.KafkaController)
[2022-04-12 21:02:24,043] TRACE [Controller id=0] Checking need to trigger auto leader balancing (kafka.controller.KafkaController)
[2022-04-12 21:02:30,652] INFO [Controller id=0] New topics: [Set(chat-message)], deleted topics: [HashSet()], new partition replica assignment [Set(TopicIdReplicaAssignment(chat-message,Some(C8_o3wunRCyEc7yrE5pjHw),Map(chat-message-0 -> ReplicaAssignment(replicas=0, addingReplicas=, removingReplicas=))))] (kafka.controller.KafkaController)
[2022-04-12 21:02:30,653] INFO [Controller id=0] New partition creation callback for chat-message-0 (kafka.controller.KafkaController)
[2022-04-12 21:02:30,850] INFO [Controller id=0] New topics: [Set(__consumer_offsets)], deleted topics: [HashSet()], new partition replica assignment [Set(TopicIdReplicaAssignment(__consumer_offsets,Some(704E8M40SGChG9Bn1nUTbg),HashMap(__consumer_offsets-22 -> ReplicaAssignment(replicas=0, addingReplicas=, removingReplicas=), __consumer_offsets-30 -> ReplicaAssignment(replicas=0, addingReplicas=, removingReplicas=), __consumer_offsets-25 -> ReplicaAssignment(replicas=0, addingReplicas=, removingReplicas=), __consumer_offsets-35 -> ReplicaAssignment(replicas=0, addingReplicas=, removingReplicas=), __consumer_offsets-37 -> ReplicaAssignment(replicas=0, addingReplicas=, removingReplicas=), __consumer_offsets-38 -> ReplicaAssignment(replicas=0, addingReplicas=, removingReplicas=), __consumer_offsets-13 -> ReplicaAssignment(replicas=0, addingReplicas=, removingReplicas=), __consumer_offsets-8 -> ReplicaAssignment(replicas=0, addingReplicas=, removingReplicas=), __consumer_offsets-21 -> ReplicaAssignment(replicas=0, addingReplicas=, removingReplicas=), __consumer_offsets-4 -> ReplicaAssignment(replicas=0, addingReplicas=, removingReplicas=), __consumer_offsets-27 -> ReplicaAssignment(replicas=0, addingReplicas=, removingReplicas=), __consumer_offsets-7 -> ReplicaAssignment(replicas=0, addingReplicas=, removingReplicas=), __consumer_offsets-9 -> ReplicaAssignment(replicas=0, addingReplicas=, removingReplicas=), __consumer_offsets-46 -> ReplicaAssignment(replicas=0, addingReplicas=, removingReplicas=), __consumer_offsets-41 -> ReplicaAssignment(replicas=0, addingReplicas=, removingReplicas=), __consumer_offsets-33 -> ReplicaAssignment(replicas=0, addingReplicas=, removingReplicas=), __consumer_offsets-23 -> ReplicaAssignment(replicas=0, addingReplicas=, removingReplicas=), __consumer_offsets-49 -> ReplicaAssignment(replicas=0, addingReplicas=, removingReplicas=), __consumer_offsets-47 -> ReplicaAssignment(replicas=0, addingReplicas=, removingReplicas=), __consumer_offsets-16 -> ReplicaAssignment(replicas=0, addingReplicas=, removingReplicas=), __consumer_offsets-28 -> ReplicaAssignment(replicas=0, addingReplicas=, removingReplicas=), __consumer_offsets-31 -> ReplicaAssignment(replicas=0, addingReplicas=, removingReplicas=), __consumer_offsets-36 -> ReplicaAssignment(replicas=0, addingReplicas=, removingReplicas=), __consumer_offsets-42 -> ReplicaAssignment(replicas=0, addingReplicas=, removingReplicas=), __consumer_offsets-3 -> ReplicaAssignment(replicas=0, addingReplicas=, removingReplicas=), __consumer_offsets-18 -> ReplicaAssignment(replicas=0, addingReplicas=, removingReplicas=), __consumer_offsets-15 -> ReplicaAssignment(replicas=0, addingReplicas=, removingReplicas=), __consumer_offsets-24 -> ReplicaAssignment(replicas=0, addingReplicas=, removingReplicas=), __consumer_offsets-17 -> ReplicaAssignment(replicas=0, addingReplicas=, removingReplicas=), __consumer_offsets-48 -> ReplicaAssignment(replicas=0, addingReplicas=, removingReplicas=), __consumer_offsets-19 -> ReplicaAssignment(replicas=0, addingReplicas=, removingReplicas=), __consumer_offsets-11 -> ReplicaAssignment(replicas=0, addingReplicas=, removingReplicas=), __consumer_offsets-2 -> ReplicaAssignment(replicas=0, addingReplicas=, removingReplicas=), __consumer_offsets-43 -> ReplicaAssignment(replicas=0, addingReplicas=, removingReplicas=), __consumer_offsets-6 -> ReplicaAssignment(replicas=0, addingReplicas=, removingReplicas=), __consumer_offsets-14 -> ReplicaAssignment(replicas=0, addingReplicas=, removingReplicas=), __consumer_offsets-20 -> ReplicaAssignment(replicas=0, addingReplicas=, removingReplicas=), __consumer_offsets-0 -> ReplicaAssignment(replicas=0, addingReplicas=, removingReplicas=), __consumer_offsets-44 -> ReplicaAssignment(replicas=0, addingReplicas=, removingReplicas=), __consumer_offsets-39 -> ReplicaAssignment(replicas=0, addingReplicas=, removingReplicas=), __consumer_offsets-12 -> ReplicaAssignment(replicas=0, addingReplicas=, removingReplicas=), __consumer_offsets-45 -> ReplicaAssignment(replicas=0, addingReplicas=, removingReplicas=), __consumer_offsets-1 -> ReplicaAssignment(replicas=0, addingReplicas=, removingReplicas=), __consumer_offsets-5 -> ReplicaAssignment(replicas=0, addingReplicas=, removingReplicas=), __consumer_offsets-26 -> ReplicaAssignment(replicas=0, addingReplicas=, removingReplicas=), __consumer_offsets-29 -> ReplicaAssignment(replicas=0, addingReplicas=, removingReplicas=), __consumer_offsets-34 -> ReplicaAssignment(replicas=0, addingReplicas=, removingReplicas=), __consumer_offsets-10 -> ReplicaAssignment(replicas=0, addingReplicas=, removingReplicas=), __consumer_offsets-32 -> ReplicaAssignment(replicas=0, addingReplicas=, removingReplicas=), __consumer_offsets-40 -> ReplicaAssignment(replicas=0, addingReplicas=, removingReplicas=))))] (kafka.controller.KafkaController)
[2022-04-12 21:02:30,850] INFO [Controller id=0] New partition creation callback for __consumer_offsets-22,__consumer_offsets-30,__consumer_offsets-25,__consumer_offsets-35,__consumer_offsets-37,__consumer_offsets-38,__consumer_offsets-13,__consumer_offsets-8,__consumer_offsets-21,__consumer_offsets-4,__consumer_offsets-27,__consumer_offsets-7,__consumer_offsets-9,__consumer_offsets-46,__consumer_offsets-41,__consumer_offsets-33,__consumer_offsets-23,__consumer_offsets-49,__consumer_offsets-47,__consumer_offsets-16,__consumer_offsets-28,__consumer_offsets-31,__consumer_offsets-36,__consumer_offsets-42,__consumer_offsets-3,__consumer_offsets-18,__consumer_offsets-15,__consumer_offsets-24,__consumer_offsets-17,__consumer_offsets-48,__consumer_offsets-19,__consumer_offsets-11,__consumer_offsets-2,__consumer_offsets-43,__consumer_offsets-6,__consumer_offsets-14,__consumer_offsets-20,__consumer_offsets-0,__consumer_offsets-44,__consumer_offsets-39,__consumer_offsets-12,__consumer_offsets-45,__consumer_offsets-1,__consumer_offsets-5,__consumer_offsets-26,__consumer_offsets-29,__consumer_offsets-34,__consumer_offsets-10,__consumer_offsets-32,__consumer_offsets-40 (kafka.controller.KafkaController)
[2022-04-12 21:07:24,045] INFO [Controller id=0] Processing automatic preferred replica leader election (kafka.controller.KafkaController)
[2022-04-12 21:07:24,045] TRACE [Controller id=0] Checking need to trigger auto leader balancing (kafka.controller.KafkaController)
[2022-04-12 21:07:24,047] DEBUG [Controller id=0] Topics not in preferred replica for broker 0 HashMap() (kafka.controller.KafkaController)
[2022-04-12 21:07:24,048] TRACE [Controller id=0] Leader imbalance ratio for broker 0 is 0.0 (kafka.controller.KafkaController)
[2022-04-12 21:12:24,049] INFO [Controller id=0] Processing automatic preferred replica leader election (kafka.controller.KafkaController)
[2022-04-12 21:12:24,049] TRACE [Controller id=0] Checking need to trigger auto leader balancing (kafka.controller.KafkaController)
[2022-04-12 21:12:24,050] DEBUG [Controller id=0] Topics not in preferred replica for broker 0 HashMap() (kafka.controller.KafkaController)
[2022-04-12 21:12:24,050] TRACE [Controller id=0] Leader imbalance ratio for broker 0 is 0.0 (kafka.controller.KafkaController)
[2022-04-12 21:17:24,052] INFO [Controller id=0] Processing automatic preferred replica leader election (kafka.controller.KafkaController)
[2022-04-12 21:17:24,052] TRACE [Controller id=0] Checking need to trigger auto leader balancing (kafka.controller.KafkaController)
[2022-04-12 21:17:24,052] DEBUG [Controller id=0] Topics not in preferred replica for broker 0 HashMap() (kafka.controller.KafkaController)
[2022-04-12 21:17:24,053] TRACE [Controller id=0] Leader imbalance ratio for broker 0 is 0.0 (kafka.controller.KafkaController)
[2022-04-12 21:21:10,183] INFO [Controller id=0] New topics: [Set(chat-message1)], deleted topics: [HashSet()], new partition replica assignment [Set(TopicIdReplicaAssignment(chat-message1,Some(DtLh6kr0RGWG83MOlXBB5w),Map(chat-message1-0 -> ReplicaAssignment(replicas=0, addingReplicas=, removingReplicas=))))] (kafka.controller.KafkaController)
[2022-04-12 21:21:10,183] INFO [Controller id=0] New partition creation callback for chat-message1-0 (kafka.controller.KafkaController)
[2022-04-12 21:21:10,276] INFO [RequestSendThread controllerId=0] Controller 0 connected to TU-NLT:9092 (id: 0 rack: null) for sending state change requests (kafka.controller.RequestSendThread)
[2022-04-12 21:22:24,054] INFO [Controller id=0] Processing automatic preferred replica leader election (kafka.controller.KafkaController)
[2022-04-12 21:22:24,054] TRACE [Controller id=0] Checking need to trigger auto leader balancing (kafka.controller.KafkaController)
[2022-04-12 21:22:24,055] DEBUG [Controller id=0] Topics not in preferred replica for broker 0 HashMap() (kafka.controller.KafkaController)
[2022-04-12 21:22:24,055] TRACE [Controller id=0] Leader imbalance ratio for broker 0 is 0.0 (kafka.controller.KafkaController)
[2022-04-12 21:27:24,057] INFO [Controller id=0] Processing automatic preferred replica leader election (kafka.controller.KafkaController)
[2022-04-12 21:27:24,057] TRACE [Controller id=0] Checking need to trigger auto leader balancing (kafka.controller.KafkaController)
[2022-04-12 21:27:24,057] DEBUG [Controller id=0] Topics not in preferred replica for broker 0 HashMap() (kafka.controller.KafkaController)
[2022-04-12 21:27:24,057] TRACE [Controller id=0] Leader imbalance ratio for broker 0 is 0.0 (kafka.controller.KafkaController)
[2022-04-12 21:32:24,059] INFO [Controller id=0] Processing automatic preferred replica leader election (kafka.controller.KafkaController)
[2022-04-12 21:32:24,059] TRACE [Controller id=0] Checking need to trigger auto leader balancing (kafka.controller.KafkaController)
[2022-04-12 21:32:24,059] DEBUG [Controller id=0] Topics not in preferred replica for broker 0 HashMap() (kafka.controller.KafkaController)
[2022-04-12 21:32:24,059] TRACE [Controller id=0] Leader imbalance ratio for broker 0 is 0.0 (kafka.controller.KafkaController)
[2022-04-12 21:37:24,060] INFO [Controller id=0] Processing automatic preferred replica leader election (kafka.controller.KafkaController)
[2022-04-12 21:37:24,060] TRACE [Controller id=0] Checking need to trigger auto leader balancing (kafka.controller.KafkaController)
[2022-04-12 21:37:24,060] DEBUG [Controller id=0] Topics not in preferred replica for broker 0 HashMap() (kafka.controller.KafkaController)
[2022-04-12 21:37:24,060] TRACE [Controller id=0] Leader imbalance ratio for broker 0 is 0.0 (kafka.controller.KafkaController)
[2022-04-12 21:42:24,062] INFO [Controller id=0] Processing automatic preferred replica leader election (kafka.controller.KafkaController)
[2022-04-12 21:42:24,062] TRACE [Controller id=0] Checking need to trigger auto leader balancing (kafka.controller.KafkaController)
[2022-04-12 21:42:24,062] DEBUG [Controller id=0] Topics not in preferred replica for broker 0 HashMap() (kafka.controller.KafkaController)
[2022-04-12 21:42:24,062] TRACE [Controller id=0] Leader imbalance ratio for broker 0 is 0.0 (kafka.controller.KafkaController)
[2022-04-12 21:47:24,063] INFO [Controller id=0] Processing automatic preferred replica leader election (kafka.controller.KafkaController)
[2022-04-12 21:47:24,063] TRACE [Controller id=0] Checking need to trigger auto leader balancing (kafka.controller.KafkaController)
[2022-04-12 21:47:24,063] DEBUG [Controller id=0] Topics not in preferred replica for broker 0 HashMap() (kafka.controller.KafkaController)
[2022-04-12 21:47:24,063] TRACE [Controller id=0] Leader imbalance ratio for broker 0 is 0.0 (kafka.controller.KafkaController)
[2022-04-12 21:52:24,064] INFO [Controller id=0] Processing automatic preferred replica leader election (kafka.controller.KafkaController)
[2022-04-12 21:52:24,064] TRACE [Controller id=0] Checking need to trigger auto leader balancing (kafka.controller.KafkaController)
[2022-04-12 21:52:24,064] DEBUG [Controller id=0] Topics not in preferred replica for broker 0 HashMap() (kafka.controller.KafkaController)
[2022-04-12 21:52:24,064] TRACE [Controller id=0] Leader imbalance ratio for broker 0 is 0.0 (kafka.controller.KafkaController)
[2022-04-12 21:57:24,065] INFO [Controller id=0] Processing automatic preferred replica leader election (kafka.controller.KafkaController)
[2022-04-12 21:57:24,065] TRACE [Controller id=0] Checking need to trigger auto leader balancing (kafka.controller.KafkaController)
[2022-04-12 21:57:24,065] DEBUG [Controller id=0] Topics not in preferred replica for broker 0 HashMap() (kafka.controller.KafkaController)
[2022-04-12 21:57:24,065] TRACE [Controller id=0] Leader imbalance ratio for broker 0 is 0.0 (kafka.controller.KafkaController)
[2022-04-12 22:02:24,066] INFO [Controller id=0] Processing automatic preferred replica leader election (kafka.controller.KafkaController)
[2022-04-12 22:02:24,067] TRACE [Controller id=0] Checking need to trigger auto leader balancing (kafka.controller.KafkaController)
[2022-04-12 22:02:24,067] DEBUG [Controller id=0] Topics not in preferred replica for broker 0 HashMap() (kafka.controller.KafkaController)
[2022-04-12 22:02:24,067] TRACE [Controller id=0] Leader imbalance ratio for broker 0 is 0.0 (kafka.controller.KafkaController)
[2022-04-12 22:07:24,069] INFO [Controller id=0] Processing automatic preferred replica leader election (kafka.controller.KafkaController)
[2022-04-12 22:07:24,069] TRACE [Controller id=0] Checking need to trigger auto leader balancing (kafka.controller.KafkaController)
[2022-04-12 22:07:24,069] DEBUG [Controller id=0] Topics not in preferred replica for broker 0 HashMap() (kafka.controller.KafkaController)
[2022-04-12 22:07:24,069] TRACE [Controller id=0] Leader imbalance ratio for broker 0 is 0.0 (kafka.controller.KafkaController)
[2022-04-12 22:12:24,071] INFO [Controller id=0] Processing automatic preferred replica leader election (kafka.controller.KafkaController)
[2022-04-12 22:12:24,071] TRACE [Controller id=0] Checking need to trigger auto leader balancing (kafka.controller.KafkaController)
[2022-04-12 22:12:24,071] DEBUG [Controller id=0] Topics not in preferred replica for broker 0 HashMap() (kafka.controller.KafkaController)
[2022-04-12 22:12:24,071] TRACE [Controller id=0] Leader imbalance ratio for broker 0 is 0.0 (kafka.controller.KafkaController)
[2022-04-12 22:17:24,073] INFO [Controller id=0] Processing automatic preferred replica leader election (kafka.controller.KafkaController)
[2022-04-12 22:17:24,073] TRACE [Controller id=0] Checking need to trigger auto leader balancing (kafka.controller.KafkaController)
[2022-04-12 22:17:24,073] DEBUG [Controller id=0] Topics not in preferred replica for broker 0 HashMap() (kafka.controller.KafkaController)
[2022-04-12 22:17:24,073] TRACE [Controller id=0] Leader imbalance ratio for broker 0 is 0.0 (kafka.controller.KafkaController)
[2022-04-12 22:22:24,074] INFO [Controller id=0] Processing automatic preferred replica leader election (kafka.controller.KafkaController)
[2022-04-12 22:22:24,074] TRACE [Controller id=0] Checking need to trigger auto leader balancing (kafka.controller.KafkaController)
[2022-04-12 22:22:24,074] DEBUG [Controller id=0] Topics not in preferred replica for broker 0 HashMap() (kafka.controller.KafkaController)
[2022-04-12 22:22:24,074] TRACE [Controller id=0] Leader imbalance ratio for broker 0 is 0.0 (kafka.controller.KafkaController)
[2022-04-12 22:27:24,075] INFO [Controller id=0] Processing automatic preferred replica leader election (kafka.controller.KafkaController)
[2022-04-12 22:27:24,075] TRACE [Controller id=0] Checking need to trigger auto leader balancing (kafka.controller.KafkaController)
[2022-04-12 22:27:24,075] DEBUG [Controller id=0] Topics not in preferred replica for broker 0 HashMap() (kafka.controller.KafkaController)
[2022-04-12 22:27:24,075] TRACE [Controller id=0] Leader imbalance ratio for broker 0 is 0.0 (kafka.controller.KafkaController)
[2022-04-12 22:32:24,076] INFO [Controller id=0] Processing automatic preferred replica leader election (kafka.controller.KafkaController)
[2022-04-12 22:32:24,076] TRACE [Controller id=0] Checking need to trigger auto leader balancing (kafka.controller.KafkaController)
[2022-04-12 22:32:24,076] DEBUG [Controller id=0] Topics not in preferred replica for broker 0 HashMap() (kafka.controller.KafkaController)
[2022-04-12 22:32:24,076] TRACE [Controller id=0] Leader imbalance ratio for broker 0 is 0.0 (kafka.controller.KafkaController)
[2022-04-12 22:37:24,078] INFO [Controller id=0] Processing automatic preferred replica leader election (kafka.controller.KafkaController)
[2022-04-12 22:37:24,078] TRACE [Controller id=0] Checking need to trigger auto leader balancing (kafka.controller.KafkaController)
[2022-04-12 22:37:24,078] DEBUG [Controller id=0] Topics not in preferred replica for broker 0 HashMap() (kafka.controller.KafkaController)
[2022-04-12 22:37:24,078] TRACE [Controller id=0] Leader imbalance ratio for broker 0 is 0.0 (kafka.controller.KafkaController)
[2022-04-12 22:42:24,079] INFO [Controller id=0] Processing automatic preferred replica leader election (kafka.controller.KafkaController)
[2022-04-12 22:42:24,079] TRACE [Controller id=0] Checking need to trigger auto leader balancing (kafka.controller.KafkaController)
[2022-04-12 22:42:24,079] DEBUG [Controller id=0] Topics not in preferred replica for broker 0 HashMap() (kafka.controller.KafkaController)
[2022-04-12 22:42:24,079] TRACE [Controller id=0] Leader imbalance ratio for broker 0 is 0.0 (kafka.controller.KafkaController)
[2022-04-12 22:47:24,080] INFO [Controller id=0] Processing automatic preferred replica leader election (kafka.controller.KafkaController)
[2022-04-12 22:47:24,080] TRACE [Controller id=0] Checking need to trigger auto leader balancing (kafka.controller.KafkaController)
[2022-04-12 22:47:24,082] DEBUG [Controller id=0] Topics not in preferred replica for broker 0 HashMap() (kafka.controller.KafkaController)
[2022-04-12 22:47:24,082] TRACE [Controller id=0] Leader imbalance ratio for broker 0 is 0.0 (kafka.controller.KafkaController)
[2022-04-12 22:52:24,084] INFO [Controller id=0] Processing automatic preferred replica leader election (kafka.controller.KafkaController)
[2022-04-12 22:52:24,084] TRACE [Controller id=0] Checking need to trigger auto leader balancing (kafka.controller.KafkaController)
[2022-04-12 22:52:24,084] DEBUG [Controller id=0] Topics not in preferred replica for broker 0 HashMap() (kafka.controller.KafkaController)
[2022-04-12 22:52:24,084] TRACE [Controller id=0] Leader imbalance ratio for broker 0 is 0.0 (kafka.controller.KafkaController)
[2022-04-12 22:57:24,086] INFO [Controller id=0] Processing automatic preferred replica leader election (kafka.controller.KafkaController)
[2022-04-12 22:57:24,086] TRACE [Controller id=0] Checking need to trigger auto leader balancing (kafka.controller.KafkaController)
[2022-04-12 22:57:24,086] DEBUG [Controller id=0] Topics not in preferred replica for broker 0 HashMap() (kafka.controller.KafkaController)
[2022-04-12 22:57:24,086] TRACE [Controller id=0] Leader imbalance ratio for broker 0 is 0.0 (kafka.controller.KafkaController)
[2022-04-12 23:02:24,087] INFO [Controller id=0] Processing automatic preferred replica leader election (kafka.controller.KafkaController)
[2022-04-12 23:02:24,089] TRACE [Controller id=0] Checking need to trigger auto leader balancing (kafka.controller.KafkaController)
[2022-04-12 23:02:24,089] DEBUG [Controller id=0] Topics not in preferred replica for broker 0 HashMap() (kafka.controller.KafkaController)
[2022-04-12 23:02:24,089] TRACE [Controller id=0] Leader imbalance ratio for broker 0 is 0.0 (kafka.controller.KafkaController)
[2022-04-12 23:07:24,091] INFO [Controller id=0] Processing automatic preferred replica leader election (kafka.controller.KafkaController)
[2022-04-12 23:07:24,091] TRACE [Controller id=0] Checking need to trigger auto leader balancing (kafka.controller.KafkaController)
[2022-04-12 23:07:24,091] DEBUG [Controller id=0] Topics not in preferred replica for broker 0 HashMap() (kafka.controller.KafkaController)
[2022-04-12 23:07:24,091] TRACE [Controller id=0] Leader imbalance ratio for broker 0 is 0.0 (kafka.controller.KafkaController)
[2022-04-12 23:12:24,093] INFO [Controller id=0] Processing automatic preferred replica leader election (kafka.controller.KafkaController)
[2022-04-12 23:12:24,093] TRACE [Controller id=0] Checking need to trigger auto leader balancing (kafka.controller.KafkaController)
[2022-04-12 23:12:24,093] DEBUG [Controller id=0] Topics not in preferred replica for broker 0 HashMap() (kafka.controller.KafkaController)
[2022-04-12 23:12:24,093] TRACE [Controller id=0] Leader imbalance ratio for broker 0 is 0.0 (kafka.controller.KafkaController)
[2022-04-12 23:17:24,094] INFO [Controller id=0] Processing automatic preferred replica leader election (kafka.controller.KafkaController)
[2022-04-12 23:17:24,094] TRACE [Controller id=0] Checking need to trigger auto leader balancing (kafka.controller.KafkaController)
[2022-04-12 23:17:24,094] DEBUG [Controller id=0] Topics not in preferred replica for broker 0 HashMap() (kafka.controller.KafkaController)
[2022-04-12 23:17:24,094] TRACE [Controller id=0] Leader imbalance ratio for broker 0 is 0.0 (kafka.controller.KafkaController)
[2022-04-12 23:21:20,788] INFO [Controller id=0] New topics: [Set(test-topic)], deleted topics: [HashSet()], new partition replica assignment [Set(TopicIdReplicaAssignment(test-topic,Some(PIy4edaUQTCLdFrlMJ4OnA),Map(test-topic-0 -> ReplicaAssignment(replicas=0, addingReplicas=, removingReplicas=))))] (kafka.controller.KafkaController)
[2022-04-12 23:21:20,789] INFO [Controller id=0] New partition creation callback for test-topic-0 (kafka.controller.KafkaController)
[2022-04-12 23:21:20,880] INFO [RequestSendThread controllerId=0] Controller 0 connected to TU-NLT:9092 (id: 0 rack: null) for sending state change requests (kafka.controller.RequestSendThread)
[2022-04-12 23:22:24,095] INFO [Controller id=0] Processing automatic preferred replica leader election (kafka.controller.KafkaController)
[2022-04-12 23:22:24,095] TRACE [Controller id=0] Checking need to trigger auto leader balancing (kafka.controller.KafkaController)
[2022-04-12 23:22:24,095] DEBUG [Controller id=0] Topics not in preferred replica for broker 0 HashMap() (kafka.controller.KafkaController)
[2022-04-12 23:22:24,095] TRACE [Controller id=0] Leader imbalance ratio for broker 0 is 0.0 (kafka.controller.KafkaController)
[2022-04-12 23:27:24,096] INFO [Controller id=0] Processing automatic preferred replica leader election (kafka.controller.KafkaController)
[2022-04-12 23:27:24,096] TRACE [Controller id=0] Checking need to trigger auto leader balancing (kafka.controller.KafkaController)
[2022-04-12 23:27:24,096] DEBUG [Controller id=0] Topics not in preferred replica for broker 0 HashMap() (kafka.controller.KafkaController)
[2022-04-12 23:27:24,096] TRACE [Controller id=0] Leader imbalance ratio for broker 0 is 0.0 (kafka.controller.KafkaController)
[2022-04-12 23:32:24,098] INFO [Controller id=0] Processing automatic preferred replica leader election (kafka.controller.KafkaController)
[2022-04-12 23:32:24,098] TRACE [Controller id=0] Checking need to trigger auto leader balancing (kafka.controller.KafkaController)
[2022-04-12 23:32:24,098] DEBUG [Controller id=0] Topics not in preferred replica for broker 0 HashMap() (kafka.controller.KafkaController)
[2022-04-12 23:32:24,098] TRACE [Controller id=0] Leader imbalance ratio for broker 0 is 0.0 (kafka.controller.KafkaController)
[2022-04-12 23:37:24,099] INFO [Controller id=0] Processing automatic preferred replica leader election (kafka.controller.KafkaController)
[2022-04-12 23:37:24,099] TRACE [Controller id=0] Checking need to trigger auto leader balancing (kafka.controller.KafkaController)
[2022-04-12 23:37:24,100] DEBUG [Controller id=0] Topics not in preferred replica for broker 0 HashMap() (kafka.controller.KafkaController)
[2022-04-12 23:37:24,100] TRACE [Controller id=0] Leader imbalance ratio for broker 0 is 0.0 (kafka.controller.KafkaController)
