[2022-04-12 19:10:07,880] INFO Shutting down the log cleaner. (kafka.log.LogCleaner)
[2022-04-12 19:10:07,881] INFO [kafka-log-cleaner-thread-0]: Shutting down (kafka.log.LogCleaner)
[2022-04-12 19:10:07,881] INFO [kafka-log-cleaner-thread-0]: Stopped (kafka.log.LogCleaner)
[2022-04-12 19:10:07,881] INFO [kafka-log-cleaner-thread-0]: Shutdown completed (kafka.log.LogCleaner)
[2022-04-12 19:13:09,926] INFO Starting the log cleaner (kafka.log.LogCleaner)
[2022-04-12 19:13:09,968] INFO [kafka-log-cleaner-thread-0]: Starting (kafka.log.LogCleaner)
[2022-04-12 20:47:56,053] INFO Starting the log cleaner (kafka.log.LogCleaner)
[2022-04-12 20:47:56,103] INFO [kafka-log-cleaner-thread-0]: Starting (kafka.log.LogCleaner)
[2022-04-12 20:48:43,248] INFO Starting the log cleaner (kafka.log.LogCleaner)
[2022-04-12 20:48:43,289] INFO [kafka-log-cleaner-thread-0]: Starting (kafka.log.LogCleaner)
[2022-04-12 20:50:28,865] INFO Starting the log cleaner (kafka.log.LogCleaner)
[2022-04-12 20:50:28,912] INFO [kafka-log-cleaner-thread-0]: Starting (kafka.log.LogCleaner)
[2022-04-12 20:52:11,704] INFO Starting the log cleaner (kafka.log.LogCleaner)
[2022-04-12 20:52:11,754] INFO [kafka-log-cleaner-thread-0]: Starting (kafka.log.LogCleaner)
[2022-04-12 20:53:23,149] INFO Starting the log cleaner (kafka.log.LogCleaner)
[2022-04-12 20:53:23,194] INFO [kafka-log-cleaner-thread-0]: Starting (kafka.log.LogCleaner)
[2022-04-12 20:54:39,594] INFO Starting the log cleaner (kafka.log.LogCleaner)
[2022-04-12 20:54:39,638] INFO [kafka-log-cleaner-thread-0]: Starting (kafka.log.LogCleaner)
[2022-04-12 21:02:18,294] INFO Starting the log cleaner (kafka.log.LogCleaner)
[2022-04-12 21:02:18,344] INFO [kafka-log-cleaner-thread-0]: Starting (kafka.log.LogCleaner)
